Using CUDA device0 _CudaDeviceProperties(name='GeForce RTX 2060', total_memory=6144MB)
Using multi scales training
******************** Initing MobilenetV2 weights ********************
initing Conv2d(3, 32, kernel_size=(3, 3), stride=(2, 2), padding=(1, 1), bias=False)
initing BatchNorm2d(32, eps=1e-05, momentum=0.1, affine=True, track_running_stats=True)
initing Conv2d(32, 32, kernel_size=(3, 3), stride=(1, 1), padding=(1, 1), groups=32, bias=False)
initing BatchNorm2d(32, eps=1e-05, momentum=0.1, affine=True, track_running_stats=True)
initing Conv2d(32, 16, kernel_size=(1, 1), stride=(1, 1), bias=False)
initing BatchNorm2d(16, eps=1e-05, momentum=0.1, affine=True, track_running_stats=True)
initing Conv2d(16, 96, kernel_size=(1, 1), stride=(1, 1), bias=False)
initing BatchNorm2d(96, eps=1e-05, momentum=0.1, affine=True, track_running_stats=True)
initing Conv2d(96, 96, kernel_size=(3, 3), stride=(2, 2), padding=(1, 1), groups=96, bias=False)
initing BatchNorm2d(96, eps=1e-05, momentum=0.1, affine=True, track_running_stats=True)
initing Conv2d(96, 24, kernel_size=(1, 1), stride=(1, 1), bias=False)
initing BatchNorm2d(24, eps=1e-05, momentum=0.1, affine=True, track_running_stats=True)
initing Conv2d(24, 144, kernel_size=(1, 1), stride=(1, 1), bias=False)
initing BatchNorm2d(144, eps=1e-05, momentum=0.1, affine=True, track_running_stats=True)
initing Conv2d(144, 144, kernel_size=(3, 3), stride=(1, 1), padding=(1, 1), groups=144, bias=False)
initing BatchNorm2d(144, eps=1e-05, momentum=0.1, affine=True, track_running_stats=True)
initing Conv2d(144, 24, kernel_size=(1, 1), stride=(1, 1), bias=False)
initing BatchNorm2d(24, eps=1e-05, momentum=0.1, affine=True, track_running_stats=True)
initing Conv2d(24, 144, kernel_size=(1, 1), stride=(1, 1), bias=False)
initing BatchNorm2d(144, eps=1e-05, momentum=0.1, affine=True, track_running_stats=True)
initing Conv2d(144, 144, kernel_size=(3, 3), stride=(2, 2), padding=(1, 1), groups=144, bias=False)
initing BatchNorm2d(144, eps=1e-05, momentum=0.1, affine=True, track_running_stats=True)
initing Conv2d(144, 32, kernel_size=(1, 1), stride=(1, 1), bias=False)
initing BatchNorm2d(32, eps=1e-05, momentum=0.1, affine=True, track_running_stats=True)
initing Conv2d(32, 192, kernel_size=(1, 1), stride=(1, 1), bias=False)
initing BatchNorm2d(192, eps=1e-05, momentum=0.1, affine=True, track_running_stats=True)
initing Conv2d(192, 192, kernel_size=(3, 3), stride=(1, 1), padding=(1, 1), groups=192, bias=False)
initing BatchNorm2d(192, eps=1e-05, momentum=0.1, affine=True, track_running_stats=True)
initing Conv2d(192, 32, kernel_size=(1, 1), stride=(1, 1), bias=False)
initing BatchNorm2d(32, eps=1e-05, momentum=0.1, affine=True, track_running_stats=True)
initing Conv2d(32, 192, kernel_size=(1, 1), stride=(1, 1), bias=False)
initing BatchNorm2d(192, eps=1e-05, momentum=0.1, affine=True, track_running_stats=True)
initing Conv2d(192, 192, kernel_size=(3, 3), stride=(1, 1), padding=(1, 1), groups=192, bias=False)
initing BatchNorm2d(192, eps=1e-05, momentum=0.1, affine=True, track_running_stats=True)
initing Conv2d(192, 32, kernel_size=(1, 1), stride=(1, 1), bias=False)
initing BatchNorm2d(32, eps=1e-05, momentum=0.1, affine=True, track_running_stats=True)
initing Conv2d(32, 192, kernel_size=(1, 1), stride=(1, 1), bias=False)
initing BatchNorm2d(192, eps=1e-05, momentum=0.1, affine=True, track_running_stats=True)
initing Conv2d(192, 192, kernel_size=(3, 3), stride=(2, 2), padding=(1, 1), groups=192, bias=False)
initing BatchNorm2d(192, eps=1e-05, momentum=0.1, affine=True, track_running_stats=True)
initing Conv2d(192, 64, kernel_size=(1, 1), stride=(1, 1), bias=False)
initing BatchNorm2d(64, eps=1e-05, momentum=0.1, affine=True, track_running_stats=True)
initing Conv2d(64, 384, kernel_size=(1, 1), stride=(1, 1), bias=False)
initing BatchNorm2d(384, eps=1e-05, momentum=0.1, affine=True, track_running_stats=True)
initing Conv2d(384, 384, kernel_size=(3, 3), stride=(1, 1), padding=(1, 1), groups=384, bias=False)
initing BatchNorm2d(384, eps=1e-05, momentum=0.1, affine=True, track_running_stats=True)
initing Conv2d(384, 64, kernel_size=(1, 1), stride=(1, 1), bias=False)
initing BatchNorm2d(64, eps=1e-05, momentum=0.1, affine=True, track_running_stats=True)
initing Conv2d(64, 384, kernel_size=(1, 1), stride=(1, 1), bias=False)
initing BatchNorm2d(384, eps=1e-05, momentum=0.1, affine=True, track_running_stats=True)
initing Conv2d(384, 384, kernel_size=(3, 3), stride=(1, 1), padding=(1, 1), groups=384, bias=False)
initing BatchNorm2d(384, eps=1e-05, momentum=0.1, affine=True, track_running_stats=True)
initing Conv2d(384, 64, kernel_size=(1, 1), stride=(1, 1), bias=False)
initing BatchNorm2d(64, eps=1e-05, momentum=0.1, affine=True, track_running_stats=True)
initing Conv2d(64, 384, kernel_size=(1, 1), stride=(1, 1), bias=False)
initing BatchNorm2d(384, eps=1e-05, momentum=0.1, affine=True, track_running_stats=True)
initing Conv2d(384, 384, kernel_size=(3, 3), stride=(1, 1), padding=(1, 1), groups=384, bias=False)
initing BatchNorm2d(384, eps=1e-05, momentum=0.1, affine=True, track_running_stats=True)
initing Conv2d(384, 64, kernel_size=(1, 1), stride=(1, 1), bias=False)
initing BatchNorm2d(64, eps=1e-05, momentum=0.1, affine=True, track_running_stats=True)
initing Conv2d(64, 384, kernel_size=(1, 1), stride=(1, 1), bias=False)
initing BatchNorm2d(384, eps=1e-05, momentum=0.1, affine=True, track_running_stats=True)
initing Conv2d(384, 384, kernel_size=(3, 3), stride=(1, 1), padding=(1, 1), groups=384, bias=False)
initing BatchNorm2d(384, eps=1e-05, momentum=0.1, affine=True, track_running_stats=True)
initing Conv2d(384, 96, kernel_size=(1, 1), stride=(1, 1), bias=False)
initing BatchNorm2d(96, eps=1e-05, momentum=0.1, affine=True, track_running_stats=True)
initing Conv2d(96, 576, kernel_size=(1, 1), stride=(1, 1), bias=False)
initing BatchNorm2d(576, eps=1e-05, momentum=0.1, affine=True, track_running_stats=True)
initing Conv2d(576, 576, kernel_size=(3, 3), stride=(1, 1), padding=(1, 1), groups=576, bias=False)
initing BatchNorm2d(576, eps=1e-05, momentum=0.1, affine=True, track_running_stats=True)
initing Conv2d(576, 96, kernel_size=(1, 1), stride=(1, 1), bias=False)
initing BatchNorm2d(96, eps=1e-05, momentum=0.1, affine=True, track_running_stats=True)
initing Conv2d(96, 576, kernel_size=(1, 1), stride=(1, 1), bias=False)
initing BatchNorm2d(576, eps=1e-05, momentum=0.1, affine=True, track_running_stats=True)
initing Conv2d(576, 576, kernel_size=(3, 3), stride=(1, 1), padding=(1, 1), groups=576, bias=False)
initing BatchNorm2d(576, eps=1e-05, momentum=0.1, affine=True, track_running_stats=True)
initing Conv2d(576, 96, kernel_size=(1, 1), stride=(1, 1), bias=False)
initing BatchNorm2d(96, eps=1e-05, momentum=0.1, affine=True, track_running_stats=True)
initing Conv2d(96, 576, kernel_size=(1, 1), stride=(1, 1), bias=False)
initing BatchNorm2d(576, eps=1e-05, momentum=0.1, affine=True, track_running_stats=True)
initing Conv2d(576, 576, kernel_size=(3, 3), stride=(2, 2), padding=(1, 1), groups=576, bias=False)
initing BatchNorm2d(576, eps=1e-05, momentum=0.1, affine=True, track_running_stats=True)
initing Conv2d(576, 160, kernel_size=(1, 1), stride=(1, 1), bias=False)
initing BatchNorm2d(160, eps=1e-05, momentum=0.1, affine=True, track_running_stats=True)
initing Conv2d(160, 960, kernel_size=(1, 1), stride=(1, 1), bias=False)
initing BatchNorm2d(960, eps=1e-05, momentum=0.1, affine=True, track_running_stats=True)
initing Conv2d(960, 960, kernel_size=(3, 3), stride=(1, 1), padding=(1, 1), groups=960, bias=False)
initing BatchNorm2d(960, eps=1e-05, momentum=0.1, affine=True, track_running_stats=True)
initing Conv2d(960, 160, kernel_size=(1, 1), stride=(1, 1), bias=False)
initing BatchNorm2d(160, eps=1e-05, momentum=0.1, affine=True, track_running_stats=True)
initing Conv2d(160, 960, kernel_size=(1, 1), stride=(1, 1), bias=False)
initing BatchNorm2d(960, eps=1e-05, momentum=0.1, affine=True, track_running_stats=True)
initing Conv2d(960, 960, kernel_size=(3, 3), stride=(1, 1), padding=(1, 1), groups=960, bias=False)
initing BatchNorm2d(960, eps=1e-05, momentum=0.1, affine=True, track_running_stats=True)
initing Conv2d(960, 160, kernel_size=(1, 1), stride=(1, 1), bias=False)
initing BatchNorm2d(160, eps=1e-05, momentum=0.1, affine=True, track_running_stats=True)
initing Conv2d(160, 960, kernel_size=(1, 1), stride=(1, 1), bias=False)
initing BatchNorm2d(960, eps=1e-05, momentum=0.1, affine=True, track_running_stats=True)
initing Conv2d(960, 960, kernel_size=(3, 3), stride=(1, 1), padding=(1, 1), groups=960, bias=False)
initing BatchNorm2d(960, eps=1e-05, momentum=0.1, affine=True, track_running_stats=True)
initing Conv2d(960, 320, kernel_size=(1, 1), stride=(1, 1), bias=False)
initing BatchNorm2d(320, eps=1e-05, momentum=0.1, affine=True, track_running_stats=True)
initing Conv2d(320, 1280, kernel_size=(1, 1), stride=(1, 1), bias=False)
initing BatchNorm2d(1280, eps=1e-05, momentum=0.1, affine=True, track_running_stats=True)
**************************************** 
Loading weight of MobilenetV2 : weight/yolov4.weights
Traceback (most recent call last):
  File "train.py", line 364, in <module>
    fp_16=opt.fp_16,
  File "train.py", line 70, in __init__
    self.yolov4 = Build_Model(weight_path=weight_path, resume=resume, showatt=self.showatt).to(
  File "D:\Python_Project\OpenSource\YOLOv4-pytorch-master\model\build_model.py", line 34, in __init__
    showatt=showatt
  File "D:\Python_Project\OpenSource\YOLOv4-pytorch-master\model\YOLOv4.py", line 259, in __init__
    weight_path=weight_path, resume=resume
  File "D:\Python_Project\OpenSource\YOLOv4-pytorch-master\model\backbones\mobilenetv2.py", line 236, in _BuildMobilenetV2
    model = MobilenetV2(weight_path=weight_path, resume=resume)
  File "D:\Python_Project\OpenSource\YOLOv4-pytorch-master\model\backbones\mobilenetv2.py", line 217, in __init__
    weight_path, map_location=torch.device("cpu")
  File "D:\Anaconda\lib\site-packages\torch\serialization.py", line 595, in load
    return _legacy_load(opened_file, map_location, pickle_module, **pickle_load_args)
  File "D:\Anaconda\lib\site-packages\torch\serialization.py", line 764, in _legacy_load
    magic_number = pickle_module.load(f, **pickle_load_args)
_pickle.UnpicklingError: invalid load key, '\x00'.
